#
# There is insufficient memory for the Java Runtime Environment to continue.
# Native memory allocation (malloc) failed to allocate 1355216 bytes for Chunk::new
# Possible reasons:
#   The system is out of physical RAM or swap space
#   In 32 bit mode, the process size limit was hit
# Possible solutions:
#   Reduce memory load on the system
#   Increase physical memory or swap space
#   Check if swap backing store is full
#   Use 64 bit Java on a 64 bit OS
#   Decrease Java heap size (-Xmx/-Xms)
#   Decrease number of Java threads
#   Decrease Java thread stack sizes (-Xss)
#   Set larger code cache with -XX:ReservedCodeCacheSize=
# This output file may be truncated or incomplete.
#
#  Out of Memory Error (allocation.cpp:390), pid=3520, tid=7036
#
# JRE version: Java(TM) SE Runtime Environment (8.0_51-b16) (build 1.8.0_51-b16)
# Java VM: Java HotSpot(TM) 64-Bit Server VM (25.51-b03 mixed mode windows-amd64 compressed oops)
# Failed to write core dump. Minidumps are not enabled by default on client versions of Windows
#

---------------  T H R E A D  ---------------

Current thread (0x00000000148d0000):  JavaThread "C2 CompilerThread1" daemon [_thread_in_native, id=7036, stack(0x0000000015f20000,0x0000000016020000)]

Stack: [0x0000000015f20000,0x0000000016020000]
Native frames: (J=compiled Java code, j=interpreted, Vv=VM code, C=native code)
V  [jvm.dll+0x32b4ca]


Current CompileTask:
C2:  37967 1626   !   4       com.android.dx.cf.code.Ropper::processBlock (1101 bytes)


---------------  P R O C E S S  ---------------

Java Threads: ( => current thread )
  0x00000000163c2800 JavaThread "pool-1-thread-4" [_thread_in_Java, id=6372, stack(0x0000000016b20000,0x0000000016c20000)]
  0x00000000163c2000 JavaThread "pool-1-thread-3" [_thread_in_Java, id=4544, stack(0x0000000016a20000,0x0000000016b20000)]
  0x00000000163e9800 JavaThread "pool-1-thread-2" [_thread_in_Java, id=3920, stack(0x0000000016920000,0x0000000016a20000)]
  0x0000000016386800 JavaThread "pool-2-thread-1" [_thread_blocked, id=9564, stack(0x0000000016820000,0x0000000016920000)]
  0x0000000016383800 JavaThread "pool-1-thread-1" [_thread_in_Java, id=8096, stack(0x0000000016720000,0x0000000016820000)]
  0x0000000016121000 JavaThread "Service Thread" daemon [_thread_blocked, id=4404, stack(0x0000000016520000,0x0000000016620000)]
  0x0000000014929800 JavaThread "C1 CompilerThread2" daemon [_thread_blocked, id=9268, stack(0x0000000016020000,0x0000000016120000)]
=>0x00000000148d0000 JavaThread "C2 CompilerThread1" daemon [_thread_in_native, id=7036, stack(0x0000000015f20000,0x0000000016020000)]
  0x00000000148cd000 JavaThread "C2 CompilerThread0" daemon [_thread_in_native, id=4864, stack(0x0000000015e20000,0x0000000015f20000)]
  0x00000000148cb000 JavaThread "Attach Listener" daemon [_thread_blocked, id=4100, stack(0x0000000015d20000,0x0000000015e20000)]
  0x00000000148c9800 JavaThread "Signal Dispatcher" daemon [_thread_blocked, id=4836, stack(0x0000000015c20000,0x0000000015d20000)]
  0x00000000021f1000 JavaThread "Finalizer" daemon [_thread_blocked, id=3924, stack(0x0000000015b20000,0x0000000015c20000)]
  0x00000000021ee000 JavaThread "Reference Handler" daemon [_thread_blocked, id=6940, stack(0x0000000015a20000,0x0000000015b20000)]
  0x000000000088d800 JavaThread "main" [_thread_in_Java, id=5132, stack(0x0000000001fd0000,0x00000000020d0000)]

Other Threads:
  0x0000000014899000 VMThread [stack: 0x0000000015920000,0x0000000015a20000] [id=4384]
  0x0000000016122000 WatcherThread [stack: 0x0000000016620000,0x0000000016720000] [id=5668]

VM state:not at safepoint (normal execution)

VM Mutex/Monitor currently owned by a thread: None

Heap:
 PSYoungGen      total 34304K, used 24440K [0x00000000eab00000, 0x00000000ef800000, 0x0000000100000000)
  eden space 31744K, 68% used [0x00000000eab00000,0x00000000ec05f1c8,0x00000000eca00000)
  from space 2560K, 99% used [0x00000000eca00000,0x00000000ecc7f028,0x00000000ecc80000)
  to   space 7680K, 0% used [0x00000000ef080000,0x00000000ef080000,0x00000000ef800000)
 ParOldGen       total 42496K, used 15088K [0x00000000c0000000, 0x00000000c2980000, 0x00000000eab00000)
  object space 42496K, 35% used [0x00000000c0000000,0x00000000c0ebc228,0x00000000c2980000)
 Metaspace       used 6134K, capacity 7092K, committed 7296K, reserved 1056768K
  class space    used 605K, capacity 620K, committed 640K, reserved 1048576K

Card table byte_map: [0x00000000115c0000,0x00000000117d0000] byte_map_base: 0x0000000010fc0000

Marking Bits: (ParMarkBitMap*) 0x000000005dcd4040
 Begin Bits: [0x0000000011d30000, 0x0000000012d30000)
 End Bits:   [0x0000000012d30000, 0x0000000013d30000)

Polling page: 0x00000000007d0000

CodeCache: size=245760Kb used=7385Kb max_used=7385Kb free=238374Kb
 bounds [0x0000000002200000, 0x0000000002940000, 0x0000000011200000]
 total_blobs=1932 nmethods=1664 adapters=182
 compilation: enabled

Compilation events (10 events):
Event: 37.703 Thread 0x00000000148cd000 nmethod 1636 0x0000000002927bd0 code [0x0000000002927ea0, 0x000000000292aa08]
Event: 37.703 Thread 0x00000000148cd000 1637       4       com.android.dx.ssa.SsaMethod::mapRegisters (87 bytes)
Event: 37.721 Thread 0x0000000014929800 1672       3       com.android.dx.dex.code.RopTranslator$LocalVariableAwareTranslationVisitor::<init> (17 bytes)
Event: 37.721 Thread 0x0000000014929800 nmethod 1672 0x0000000002927710 code [0x0000000002927880, 0x0000000002927ad0]
Event: 37.722 Thread 0x0000000014929800 1673       3       com.android.dx.dex.code.RopTranslator$TranslationVisitor::<init> (15 bytes)
Event: 37.722 Thread 0x0000000014929800 nmethod 1673 0x0000000002927350 code [0x00000000029274a0, 0x0000000002927670]
Event: 37.722 Thread 0x0000000014929800 1674       3       com.android.dx.dex.code.RopTranslator::translateAndGetResult (48 bytes)
Event: 37.722 Thread 0x0000000014929800 nmethod 1674 0x0000000002926990 code [0x0000000002926b60, 0x0000000002927098]
Event: 37.723 Thread 0x0000000014929800 1675       3       com.android.dx.rop.code.BasicBlockList$RegCountVisitor::visitThrowingInsn (6 bytes)
Event: 37.724 Thread 0x0000000014929800 nmethod 1675 0x0000000002926610 code [0x0000000002926780, 0x0000000002926908]

GC Heap History (10 events):
Event: 30.625 GC heap before
{Heap before GC invocations=1 (full 0):
 PSYoungGen      total 18432K, used 15872K [0x00000000eab00000, 0x00000000ebf80000, 0x0000000100000000)
  eden space 15872K, 100% used [0x00000000eab00000,0x00000000eba80000,0x00000000eba80000)
  from space 2560K, 0% used [0x00000000ebd00000,0x00000000ebd00000,0x00000000ebf80000)
  to   space 2560K, 0% used [0x00000000eba80000,0x00000000eba80000,0x00000000ebd00000)
 ParOldGen       total 42496K, used 0K [0x00000000c0000000, 0x00000000c2980000, 0x00000000eab00000)
  object space 42496K, 0% used [0x00000000c0000000,0x00000000c0000000,0x00000000c2980000)
 Metaspace       used 5649K, capacity 6768K, committed 7040K, reserved 1056768K
  class space    used 584K, capacity 616K, committed 640K, reserved 1048576K
Event: 30.869 GC heap after
Heap after GC invocations=1 (full 0):
 PSYoungGen      total 18432K, used 2557K [0x00000000eab00000, 0x00000000ebf80000, 0x0000000100000000)
  eden space 15872K, 0% used [0x00000000eab00000,0x00000000eab00000,0x00000000eba80000)
  from space 2560K, 99% used [0x00000000eba80000,0x00000000ebcff598,0x00000000ebd00000)
  to   space 2560K, 0% used [0x00000000ebd00000,0x00000000ebd00000,0x00000000ebf80000)
 ParOldGen       total 42496K, used 2060K [0x00000000c0000000, 0x00000000c2980000, 0x00000000eab00000)
  object space 42496K, 4% used [0x00000000c0000000,0x00000000c0203318,0x00000000c2980000)
 Metaspace       used 5649K, capacity 6768K, committed 7040K, reserved 1056768K
  class space    used 584K, capacity 616K, committed 640K, reserved 1048576K
}
Event: 31.823 GC heap before
{Heap before GC invocations=2 (full 0):
 PSYoungGen      total 18432K, used 18429K [0x00000000eab00000, 0x00000000ebf80000, 0x0000000100000000)
  eden space 15872K, 100% used [0x00000000eab00000,0x00000000eba80000,0x00000000eba80000)
  from space 2560K, 99% used [0x00000000eba80000,0x00000000ebcff598,0x00000000ebd00000)
  to   space 2560K, 0% used [0x00000000ebd00000,0x00000000ebd00000,0x00000000ebf80000)
 ParOldGen       total 42496K, used 2060K [0x00000000c0000000, 0x00000000c2980000, 0x00000000eab00000)
  object space 42496K, 4% used [0x00000000c0000000,0x00000000c0203318,0x00000000c2980000)
 Metaspace       used 5844K, capacity 6960K, committed 7040K, reserved 1056768K
  class space    used 585K, capacity 616K, committed 640K, reserved 1048576K
Event: 32.078 GC heap after
Heap after GC invocations=2 (full 0):
 PSYoungGen      total 18432K, used 2539K [0x00000000eab00000, 0x00000000ecf00000, 0x0000000100000000)
  eden space 15872K, 0% used [0x00000000eab00000,0x00000000eab00000,0x00000000eba80000)
  from space 2560K, 99% used [0x00000000ebd00000,0x00000000ebf7aef8,0x00000000ebf80000)
  to   space 2560K, 0% used [0x00000000eba80000,0x00000000eba80000,0x00000000ebd00000)
 ParOldGen       total 42496K, used 4408K [0x00000000c0000000, 0x00000000c2980000, 0x00000000eab00000)
  object space 42496K, 10% used [0x00000000c0000000,0x00000000c044e218,0x00000000c2980000)
 Metaspace       used 5844K, capacity 6960K, committed 7040K, reserved 1056768K
  class space    used 585K, capacity 616K, committed 640K, reserved 1048576K
}
Event: 34.264 GC heap before
{Heap before GC invocations=3 (full 0):
 PSYoungGen      total 18432K, used 18411K [0x00000000eab00000, 0x00000000ecf00000, 0x0000000100000000)
  eden space 15872K, 100% used [0x00000000eab00000,0x00000000eba80000,0x00000000eba80000)
  from space 2560K, 99% used [0x00000000ebd00000,0x00000000ebf7aef8,0x00000000ebf80000)
  to   space 2560K, 0% used [0x00000000eba80000,0x00000000eba80000,0x00000000ebd00000)
 ParOldGen       total 42496K, used 4408K [0x00000000c0000000, 0x00000000c2980000, 0x00000000eab00000)
  object space 42496K, 10% used [0x00000000c0000000,0x00000000c044e218,0x00000000c2980000)
 Metaspace       used 5921K, capacity 7024K, committed 7296K, reserved 1056768K
  class space    used 585K, capacity 616K, committed 640K, reserved 1048576K
Event: 34.515 GC heap after
Heap after GC invocations=3 (full 0):
 PSYoungGen      total 18432K, used 2556K [0x00000000eab00000, 0x00000000ecf00000, 0x0000000100000000)
  eden space 15872K, 0% used [0x00000000eab00000,0x00000000eab00000,0x00000000eba80000)
  from space 2560K, 99% used [0x00000000eba80000,0x00000000ebcff008,0x00000000ebd00000)
  to   space 2560K, 0% used [0x00000000ecc80000,0x00000000ecc80000,0x00000000ecf00000)
 ParOldGen       total 42496K, used 6668K [0x00000000c0000000, 0x00000000c2980000, 0x00000000eab00000)
  object space 42496K, 15% used [0x00000000c0000000,0x00000000c0683360,0x00000000c2980000)
 Metaspace       used 5921K, capacity 7024K, committed 7296K, reserved 1056768K
  class space    used 585K, capacity 616K, committed 640K, reserved 1048576K
}
Event: 35.336 GC heap before
{Heap before GC invocations=4 (full 0):
 PSYoungGen      total 18432K, used 18428K [0x00000000eab00000, 0x00000000ecf00000, 0x0000000100000000)
  eden space 15872K, 100% used [0x00000000eab00000,0x00000000eba80000,0x00000000eba80000)
  from space 2560K, 99% used [0x00000000eba80000,0x00000000ebcff008,0x00000000ebd00000)
  to   space 2560K, 0% used [0x00000000ecc80000,0x00000000ecc80000,0x00000000ecf00000)
 ParOldGen       total 42496K, used 6668K [0x00000000c0000000, 0x00000000c2980000, 0x00000000eab00000)
  object space 42496K, 15% used [0x00000000c0000000,0x00000000c0683360,0x00000000c2980000)
 Metaspace       used 5987K, capacity 7088K, committed 7296K, reserved 1056768K
  class space    used 586K, capacity 616K, committed 640K, reserved 1048576K
Event: 35.640 GC heap after
Heap after GC invocations=4 (full 0):
 PSYoungGen      total 34304K, used 2539K [0x00000000eab00000, 0x00000000ecf00000, 0x0000000100000000)
  eden space 31744K, 0% used [0x00000000eab00000,0x00000000eab00000,0x00000000eca00000)
  from space 2560K, 99% used [0x00000000ecc80000,0x00000000ecefaff8,0x00000000ecf00000)
  to   space 2560K, 0% used [0x00000000eca00000,0x00000000eca00000,0x00000000ecc80000)
 ParOldGen       total 42496K, used 10048K [0x00000000c0000000, 0x00000000c2980000, 0x00000000eab00000)
  object space 42496K, 23% used [0x00000000c0000000,0x00000000c09d0348,0x00000000c2980000)
 Metaspace       used 5987K, capacity 7088K, committed 7296K, reserved 1056768K
  class space    used 586K, capacity 616K, committed 640K, reserved 1048576K
}
Event: 37.330 GC heap before
{Heap before GC invocations=5 (full 0):
 PSYoungGen      total 34304K, used 34283K [0x00000000eab00000, 0x00000000ecf00000, 0x0000000100000000)
  eden space 31744K, 100% used [0x00000000eab00000,0x00000000eca00000,0x00000000eca00000)
  from space 2560K, 99% used [0x00000000ecc80000,0x00000000ecefaff8,0x00000000ecf00000)
  to   space 2560K, 0% used [0x00000000eca00000,0x00000000eca00000,0x00000000ecc80000)
 ParOldGen       total 42496K, used 10048K [0x00000000c0000000, 0x00000000c2980000, 0x00000000eab00000)
  object space 42496K, 23% used [0x00000000c0000000,0x00000000c09d0348,0x00000000c2980000)
 Metaspace       used 6124K, capacity 7092K, committed 7296K, reserved 1056768K
  class space    used 605K, capacity 620K, committed 640K, reserved 1048576K
Event: 37.602 GC heap after
Heap after GC invocations=5 (full 0):
 PSYoungGen      total 34304K, used 2556K [0x00000000eab00000, 0x00000000ef800000, 0x0000000100000000)
  eden space 31744K, 0% used [0x00000000eab00000,0x00000000eab00000,0x00000000eca00000)
  from space 2560K, 99% used [0x00000000eca00000,0x00000000ecc7f028,0x00000000ecc80000)
  to   space 7680K, 0% used [0x00000000ef080000,0x00000000ef080000,0x00000000ef800000)
 ParOldGen       total 42496K, used 15088K [0x00000000c0000000, 0x00000000c2980000, 0x00000000eab00000)
  object space 42496K, 35% used [0x00000000c0000000,0x00000000c0ebc228,0x00000000c2980000)
 Metaspace       used 6124K, capacity 7092K, committed 7296K, reserved 1056768K
  class space    used 605K, capacity 620K, committed 640K, reserved 1048576K
}

Deoptimization events (10 events):
Event: 35.680 Thread 0x0000000016383800 Uncommon trap: reason=bimorphic action=maybe_recompile pc=0x00000000024f9e28 method=java.util.HashMap.getNode(ILjava/lang/Object;)Ljava/util/HashMap$Node; @ 126
Event: 35.680 Thread 0x0000000016383800 Uncommon trap: reason=bimorphic action=maybe_recompile pc=0x00000000024f9e28 method=java.util.HashMap.getNode(ILjava/lang/Object;)Ljava/util/HashMap$Node; @ 126
Event: 35.681 Thread 0x0000000016383800 Uncommon trap: reason=unstable_if action=reinterpret pc=0x00000000025f2034 method=java.util.HashMap.putVal(ILjava/lang/Object;Ljava/lang/Object;ZZ)Ljava/lang/Object; @ 162
Event: 35.770 Thread 0x00000000163e9800 Uncommon trap: reason=class_check action=maybe_recompile pc=0x00000000027b2110 method=com.android.dx.rop.code.RegisterSpec.withSimpleType()Lcom/android/dx/rop/code/RegisterSpec; @ 21
Event: 35.770 Thread 0x00000000163e9800 Uncommon trap: reason=class_check action=maybe_recompile pc=0x00000000027b2110 method=com.android.dx.rop.code.RegisterSpec.withSimpleType()Lcom/android/dx/rop/code/RegisterSpec; @ 21
Event: 36.424 Thread 0x0000000016383800 Uncommon trap: reason=unstable_if action=reinterpret pc=0x00000000027c6b80 method=com.android.dx.rop.code.LocalVariableInfo.mergeStarts(ILcom/android/dx/rop/code/RegisterSpecSet;)Z @ 31
Event: 36.687 Thread 0x000000000088d800 Uncommon trap: reason=bimorphic action=maybe_recompile pc=0x000000000271bd84 method=com.android.dx.cf.code.BytecodeArray.parseInstruction(ILcom/android/dx/cf/code/BytecodeArray$Visitor;)I @ 907
Event: 36.687 Thread 0x000000000088d800 Uncommon trap: reason=bimorphic action=maybe_recompile pc=0x000000000271bd84 method=com.android.dx.cf.code.BytecodeArray.parseInstruction(ILcom/android/dx/cf/code/BytecodeArray$Visitor;)I @ 907
Event: 36.687 Thread 0x000000000088d800 Uncommon trap: reason=bimorphic action=maybe_recompile pc=0x000000000271bd84 method=com.android.dx.cf.code.BytecodeArray.parseInstruction(ILcom/android/dx/cf/code/BytecodeArray$Visitor;)I @ 907
Event: 36.687 Thread 0x000000000088d800 Uncommon trap: reason=bimorphic action=maybe_recompile pc=0x000000000271bd84 method=com.android.dx.cf.code.BytecodeArray.parseInstruction(ILcom/android/dx/cf/code/BytecodeArray$Visitor;)I @ 907

Internal exceptions (7 events):
Event: 22.997 Thread 0x000000000088d800 Exception <a 'java/lang/NoSuchMethodError': Method sun.misc.Unsafe.defineClass(Ljava/lang/String;[BII)Ljava/lang/Class; name or signature does not match> (0x00000000eab0d108) thrown at [C:\re\workspace\8-2-build-windows-amd64-cygwin\jdk8u51\3951\hotspot\sr8è-7ˇ6@
Event: 22.997 Thread 0x000000000088d800 Exception <a 'java/lang/NoSuchMethodError': Method sun.misc.Unsafe.prefetchRead(Ljava/lang/Object;J)V name or signature does not match> (0x00000000eab0d398) thrown at [C:\re\workspace\8-2-build-windows-amd64-cygwin\jdk8u51\3951\hotspot\src\share\vm\prims\j•π[#|?@
Event: 31.488 Thread 0x00000000163c2800 Implicit null exception at 0x00000000025a0b08 to 0x00000000025a2cf5
Event: 31.522 Thread 0x000000000088d800 Implicit null exception at 0x000000000264c9e2 to 0x000000000264cad2
Event: 35.701 Thread 0x0000000016383800 Exception <a 'java/lang/ArrayIndexOutOfBoundsException': 18> (0x00000000eb41fc58) thrown at [C:\re\workspace\8-2-build-windows-amd64-cygwin\jdk8u51\3951\hotspot\src\share\vm\interpreter\interpreterRuntime.cpp, line 366]
Event: 35.701 Thread 0x0000000016383800 Exception <a 'java/lang/ArrayIndexOutOfBoundsException'> (0x00000000eb421728) thrown at [C:\re\workspace\8-2-build-windows-amd64-cygwin\jdk8u51\3951\hotspot\src\share\vm\runtime\sharedRuntime.cpp, line 605]
Event: 35.708 Thread 0x0000000016383800 Exception <a 'java/lang/ArrayIndexOutOfBoundsException'> (0x00000000eb422960) thrown at [C:\re\workspace\8-2-build-windows-amd64-cygwin\jdk8u51\3951\hotspot\src\share\vm\runtime\sharedRuntime.cpp, line 605]

Events (10 events):
Event: 36.687 Thread 0x000000000088d800 Uncommon trap: trap_request=0xffffffc6 fr.pc=0x000000000271bd84
Event: 36.687 Thread 0x000000000088d800 DEOPT PACKING pc=0x000000000271bd84 sp=0x00000000020ce340
Event: 36.687 Thread 0x000000000088d800 DEOPT UNPACKING pc=0x000000000224582a sp=0x00000000020ce2b8 mode 2
Event: 36.687 Thread 0x000000000088d800 Uncommon trap: trap_request=0xffffffc6 fr.pc=0x000000000271bd84
Event: 36.687 Thread 0x000000000088d800 DEOPT PACKING pc=0x000000000271bd84 sp=0x00000000020ce1e0
Event: 36.687 Thread 0x000000000088d800 DEOPT UNPACKING pc=0x000000000224582a sp=0x00000000020ce158 mode 2
Event: 36.754 Thread 0x00000000163e9800 DEOPT PACKING pc=0x0000000002691ed1 sp=0x0000000016a1e8f0
Event: 36.754 Thread 0x00000000163e9800 DEOPT UNPACKING pc=0x000000000224747f sp=0x0000000016a1e720 mode 0
Event: 36.775 Executing VM operation: ParallelGCFailedAllocation
Event: 37.602 Executing VM operation: ParallelGCFailedAllocation done


Dynamic libraries:
0x00007ff7e7800000 - 0x00007ff7e7837000 	C:\Program Files\Java\jdk1.8.0_51\bin\java.exe
0x00007ff92f1b0000 - 0x00007ff92f35c000 	C:\Windows\SYSTEM32\ntdll.dll
0x00007ff92d4f0000 - 0x00007ff92d62e000 	C:\Windows\system32\KERNEL32.DLL
0x00007ff92c600000 - 0x00007ff92c715000 	C:\Windows\system32\KERNELBASE.dll
0x00007ff92aea0000 - 0x00007ff92af2e000 	C:\Windows\system32\apphelp.dll
0x00007ff920f40000 - 0x00007ff920f93000 	C:\Windows\AppPatch\AppPatch64\AcGenral.DLL
0x00007ff92db40000 - 0x00007ff92dbea000 	C:\Windows\system32\msvcrt.dll
0x00007ff92c1a0000 - 0x00007ff92c1ce000 	C:\Windows\SYSTEM32\SspiCli.dll
0x00007ff92c830000 - 0x00007ff92c884000 	C:\Windows\system32\SHLWAPI.dll
0x00007ff92d9c0000 - 0x00007ff92db37000 	C:\Windows\system32\USER32.dll
0x00007ff92ced0000 - 0x00007ff92d064000 	C:\Windows\system32\ole32.dll
0x00007ff92dc70000 - 0x00007ff92f19b000 	C:\Windows\system32\SHELL32.dll
0x00007ff92b900000 - 0x00007ff92b921000 	C:\Windows\SYSTEM32\USERENV.dll
0x00007ff92d440000 - 0x00007ff92d4ea000 	C:\Windows\system32\ADVAPI32.dll
0x00007ff923c40000 - 0x00007ff923c5e000 	C:\Windows\SYSTEM32\MPR.dll
0x00007ff92d6f0000 - 0x00007ff92d831000 	C:\Windows\system32\RPCRT4.dll
0x00007ff92d850000 - 0x00007ff92d8a9000 	C:\Windows\SYSTEM32\sechost.dll
0x00007ff92d220000 - 0x00007ff92d431000 	C:\Windows\SYSTEM32\combase.dll
0x00007ff92cd70000 - 0x00007ff92cebf000 	C:\Windows\system32\GDI32.dll
0x00007ff92c300000 - 0x00007ff92c315000 	C:\Windows\SYSTEM32\profapi.dll
0x00007ff92a870000 - 0x00007ff92a922000 	C:\Windows\SYSTEM32\SHCORE.dll
0x00007ff92d8b0000 - 0x00007ff92d8e6000 	C:\Windows\system32\IMM32.DLL
0x00007ff92cc10000 - 0x00007ff92cd62000 	C:\Windows\system32\MSCTF.dll
0x00007ff92a230000 - 0x00007ff92a4ab000 	C:\Windows\WinSxS\amd64_microsoft.windows.common-controls_6595b64144ccf1df_6.0.9600.18006_none_623f33d3ecbe86e8\COMCTL32.dll
0x000000005cf30000 - 0x000000005d002000 	C:\Program Files\Java\jdk1.8.0_51\jre\bin\msvcr100.dll
0x000000005d4d0000 - 0x000000005dd53000 	C:\Program Files\Java\jdk1.8.0_51\jre\bin\server\jvm.dll
0x00007ff92a550000 - 0x00007ff92a559000 	C:\Windows\SYSTEM32\WSOCK32.dll
0x00007ff928b20000 - 0x00007ff928b42000 	C:\Windows\SYSTEM32\WINMM.dll
0x00007ff925cc0000 - 0x00007ff925cca000 	C:\Windows\SYSTEM32\VERSION.dll
0x00007ff92f1a0000 - 0x00007ff92f1a7000 	C:\Windows\system32\PSAPI.DLL
0x00007ff92d8f0000 - 0x00007ff92d94a000 	C:\Windows\system32\WS2_32.dll
0x00007ff924ed0000 - 0x00007ff924efa000 	C:\Windows\SYSTEM32\WINMMBASE.dll
0x00007ff92cec0000 - 0x00007ff92cec9000 	C:\Windows\system32\NSI.dll
0x00007ff92c5b0000 - 0x00007ff92c5ff000 	C:\Windows\SYSTEM32\cfgmgr32.dll
0x00007ff92b100000 - 0x00007ff92b128000 	C:\Windows\SYSTEM32\DEVOBJ.dll
0x000000005d3e0000 - 0x000000005d3ef000 	C:\Program Files\Java\jdk1.8.0_51\jre\bin\verify.dll
0x000000005d3b0000 - 0x000000005d3d9000 	C:\Program Files\Java\jdk1.8.0_51\jre\bin\java.dll
0x000000005d390000 - 0x000000005d3a6000 	C:\Program Files\Java\jdk1.8.0_51\jre\bin\zip.dll

VM Arguments:
jvm_args: -Djava.awt.headless=true -Xmx1024M -Dfile.encoding=windows-1252 -Duser.country=US -Duser.language=en -Duser.variant 
java_command: com.android.dx.command.Main --dex --num-threads=4 --output E:\course\Android\Projests\Colledge\Library\app\build\intermediates\pre-dexed\debug\com.android.support-recyclerview-v7-23.1.0_877b13d2877e352976d1c515bdcb8ea41f8eafa9.jar E:\course\Android\Projests\Colledge\Library\app\build\intermediates\exploded-aar\com.android.support\recyclerview-v7\23.1.0\jars\classes.jar
java_class_path (initial): D:\android_setup\SDK\build-tools\23.0.1\lib\dx.jar
Launcher Type: SUN_STANDARD

Environment Variables:
JAVA_HOME=C:\Program Files (x86)\Java\jdk1.8.0_05
PATH=C:\Program Files (x86)\ActiveState Komodo IDE 9\;C:\ProgramData\Oracle\Java\javapath;C:\Windows\system32;C:\Windows;C:\Windows\System32\Wbem;C:\Windows\System32\WindowsPowerShell\v1.0\
USERNAME=Mahmoud
OS=Windows_NT
PROCESSOR_IDENTIFIER=Intel64 Family 6 Model 37 Stepping 5, GenuineIntel



---------------  S Y S T E M  ---------------

OS: Windows 8.1 , 64 bit Build 9600 (6.3.9600.17415)

CPU:total 4 (2 cores per cpu, 2 threads per core) family 6 model 37 stepping 5, cmov, cx8, fxsr, mmx, sse, sse2, sse3, ssse3, sse4.1, sse4.2, popcnt, aes, clmul, ht, tsc, tscinvbit

Memory: 4k page, physical 3987280k(338188k free), swap 7133008k(5064k free)

vm_info: Java HotSpot(TM) 64-Bit Server VM (25.51-b03) for windows-amd64 JRE (1.8.0_51-b16), built on Jun  8 2015 18:03:07 by "java_re" with MS VC++ 10.0 (VS2010)

time: Thu May 05 21:56:01 2016
elapsed time: 38 seconds (0d 0h 0m 38s)

